<?xml version="1.0" encoding="UTF-8"?>
<!-- Generated by org.testng.reporters.JUnitReportReporter -->
<testsuite hostname="Ravindrakumar-PC" name="Script_IL.Scrrenshot" tests="1" failures="0" timestamp="2 Oct 2019 08:16:01 GMT" time="8.877" errors="0">
  <testcase name="TakeScreenShot" time="8.877" classname="Script_IL.Scrrenshot"/>
</testsuite> <!-- Script_IL.Scrrenshot -->
