<?xml version="1.0" encoding="UTF-8"?>
<!-- Generated by org.testng.reporters.JUnitReportReporter -->
<testsuite hostname="Ravindrakumar-PC" name="empirix.com.Login" tests="1" failures="0" timestamp="16 Jan 2020 11:25:36 GMT" time="31.632" errors="0">
  <testcase name="loginEnGR" time="31.632" classname="empirix.com.Login"/>
</testsuite> <!-- empirix.com.Login -->
