<?xml version="1.0" encoding="UTF-8"?>
<!-- Generated by org.testng.reporters.JUnitReportReporter -->
<testsuite hostname="Ravindrakumar-PC" name="Test_Scripts_IndiaLends.CITI_CCGenericScript" tests="1" failures="0" timestamp="21 Feb 2019 13:11:45 GMT" time="69.544" errors="0">
  <testcase name="fillBasicDetailsPage" time="69.544" classname="Test_Scripts_IndiaLends.CITI_CCGenericScript"/>
</testsuite> <!-- Test_Scripts_IndiaLends.CITI_CCGenericScript -->
