<?xml version="1.0" encoding="UTF-8"?>
<!-- Generated by org.testng.reporters.JUnitReportReporter -->
<testsuite hostname="Ravindrakumar-PC" name="Test_Scripts_IndiaLends.PL_Script" tests="1" failures="0" timestamp="6 Feb 2019 06:58:17 GMT" time="86.330" errors="0">
  <testcase name="fillBasicDetailsPage" time="86.330" classname="Test_Scripts_IndiaLends.PL_Script"/>
</testsuite> <!-- Test_Scripts_IndiaLends.PL_Script -->
