<?xml version="1.0" encoding="UTF-8"?>
<!-- Generated by org.testng.reporters.JUnitReportReporter -->
<testsuite hostname="Ravindrakumar-PC" name="Test_Scripts_IndiaLends.Amex_CCGenericScript" tests="1" failures="0" timestamp="21 Feb 2019 12:53:09 GMT" time="360.810" errors="0">
  <testcase name="fillBasicDetailsPage" time="360.810" classname="Test_Scripts_IndiaLends.Amex_CCGenericScript"/>
</testsuite> <!-- Test_Scripts_IndiaLends.Amex_CCGenericScript -->
