<?xml version="1.0" encoding="UTF-8"?>
<!-- Generated by org.testng.reporters.JUnitReportReporter -->
<testsuite hostname="Ravindrakumar-PC" name="Test_Scripts_IndiaLends.CR_Script" tests="1" failures="0" timestamp="22 Jan 2019 05:48:27 GMT" time="30.917" errors="0">
  <testcase name="fillBasicDetailsPage" time="30.917" classname="Test_Scripts_IndiaLends.CR_Script"/>
</testsuite> <!-- Test_Scripts_IndiaLends.CR_Script -->
