<?xml version="1.0" encoding="UTF-8"?>
<!-- Generated by org.testng.reporters.JUnitReportReporter -->
<testsuite hostname="Ravindrakumar-PC" name="Test_Scripts_IndiaLends.SBI_CCGenericscript" tests="1" failures="0" timestamp="21 Feb 2019 10:38:57 GMT" time="61.670" errors="0">
  <testcase name="fillBasicDetailsPage" time="61.670" classname="Test_Scripts_IndiaLends.SBI_CCGenericscript"/>
</testsuite> <!-- Test_Scripts_IndiaLends.SBI_CCGenericscript -->
