<?xml version="1.0" encoding="UTF-8"?>
<!-- Generated by org.testng.reporters.JUnitReportReporter -->
<testsuite hostname="Ravindrakumar-PC" name="IciciCreditCard" tests="5" failures="0" timestamp="21 Jan 2019 05:06:25 GMT" time="64.498" errors="0">
  <testcase name="contact_Details" time="8.396" classname="IciciCreditCard"/>
  <testcase name="verify_PL_Form" time="14.810" classname="IciciCreditCard"/>
  <testcase name="verify_OTP" time="13.043" classname="IciciCreditCard"/>
  <testcase name="general_Information" time="13.597" classname="IciciCreditCard"/>
  <testcase name="check_Eligibility" time="14.652" classname="IciciCreditCard"/>
</testsuite> <!-- IciciCreditCard -->
