<?xml version="1.0" encoding="UTF-8"?>
<!-- Generated by org.testng.reporters.JUnitReportReporter -->
<testsuite hostname="Ravindrakumar-PC" name="Test_Scripts_IndiaLends.CC_CRM_RBLlender_Script" tests="1" failures="0" timestamp="31 Aug 2019 10:32:41 GMT" time="100.500" errors="0">
  <testcase name="CC_BasicDetailsPage" time="100.500" classname="Test_Scripts_IndiaLends.CC_CRM_RBLlender_Script"/>
</testsuite> <!-- Test_Scripts_IndiaLends.CC_CRM_RBLlender_Script -->
