<?xml version="1.0" encoding="UTF-8"?>
<!-- Generated by org.testng.reporters.JUnitReportReporter -->
<testsuite hostname="Ravindrakumar-PC" name="Test_Scrip_Cross_sell.CC_RBL_Crosssell_Script" tests="5" failures="0" timestamp="31 Oct 2019 08:41:34 GMT" time="81.552" errors="0">
  <testcase name="CC_Eligibility_check" time="36.111" classname="Test_Scrip_Cross_sell.CC_RBL_Crosssell_Script"/>
  <testcase name="CC_contact_Details" time="1.656" classname="Test_Scrip_Cross_sell.CC_RBL_Crosssell_Script"/>
  <testcase name="CC_BasicDetailsPage" time="33.713" classname="Test_Scrip_Cross_sell.CC_RBL_Crosssell_Script"/>
  <testcase name="CC_general_information" time="10.056" classname="Test_Scrip_Cross_sell.CC_RBL_Crosssell_Script"/>
  <testcase name="CC_contact_Aditionaletails" time="0.016" classname="Test_Scrip_Cross_sell.CC_RBL_Crosssell_Script"/>
</testsuite> <!-- Test_Scrip_Cross_sell.CC_RBL_Crosssell_Script -->
