<?xml version="1.0" encoding="UTF-8"?>
<!-- Generated by org.testng.reporters.JUnitReportReporter -->
<testsuite hostname="Ravindrakumar-PC" name="Test_Scripts_IndiaLends.SBICreditCardLenderScript" tests="1" failures="0" timestamp="6 Mar 2019 09:49:39 GMT" time="37.293" errors="0">
  <testcase name="fillBasicDetailsPage" time="37.293" classname="Test_Scripts_IndiaLends.SBICreditCardLenderScript"/>
</testsuite> <!-- Test_Scripts_IndiaLends.SBICreditCardLenderScript -->
