<?xml version="1.0" encoding="UTF-8"?>
<!-- Generated by org.testng.reporters.JUnitReportReporter -->
<testsuite hostname="Ravindrakumar-PC" name="Test_Scrip_Cross_sell.CC_SBI_Crosssell_script" tests="5" failures="0" timestamp="24 Sep 2019 12:15:14 GMT" time="137.109" errors="0">
  <testcase name="CC_Eligibility_check" time="26.564" classname="Test_Scrip_Cross_sell.CC_SBI_Crosssell_script"/>
  <testcase name="CC_contact_Details" time="35.545" classname="Test_Scrip_Cross_sell.CC_SBI_Crosssell_script"/>
  <testcase name="CC_general_information" time="8.841" classname="Test_Scrip_Cross_sell.CC_SBI_Crosssell_script"/>
  <testcase name="CC_BasicDetailsPage" time="34.493" classname="Test_Scrip_Cross_sell.CC_SBI_Crosssell_script"/>
  <testcase name="CC_contact_Aditionaletails" time="31.666" classname="Test_Scrip_Cross_sell.CC_SBI_Crosssell_script"/>
</testsuite> <!-- Test_Scrip_Cross_sell.CC_SBI_Crosssell_script -->
