<?xml version="1.0" encoding="UTF-8"?>
<!-- Generated by org.testng.reporters.JUnitReportReporter -->
<testsuite hostname="Ravindrakumar-PC" name="Page_Objects_IndiaLends.CC_SF_SP_Page" tests="34" failures="0" timestamp="30 May 2019 06:00:01 GMT" time="0.113" errors="0">
  <testcase name="fillBasicDetailsPage" time="0.002" classname="Page_Objects_IndiaLends.CC_SF_SP_Page"/>
  <testcase name="fillBasicDetailsPage" time="0.005" classname="Page_Objects_IndiaLends.CC_SF_SP_Page"/>
  <testcase name="fillBasicDetailsPage" time="0.002" classname="Page_Objects_IndiaLends.CC_SF_SP_Page"/>
  <testcase name="fillBasicDetailsPage" time="0.001" classname="Page_Objects_IndiaLends.CC_SF_SP_Page"/>
  <testcase name="fillBasicDetailsPage" time="0.002" classname="Page_Objects_IndiaLends.CC_SF_SP_Page"/>
  <testcase name="fillBasicDetailsPage" time="0.002" classname="Page_Objects_IndiaLends.CC_SF_SP_Page"/>
  <testcase name="fillBasicDetailsPage" time="0.007" classname="Page_Objects_IndiaLends.CC_SF_SP_Page"/>
  <testcase name="fillBasicDetailsPage" time="0.004" classname="Page_Objects_IndiaLends.CC_SF_SP_Page"/>
  <testcase name="fillBasicDetailsPage" time="0.004" classname="Page_Objects_IndiaLends.CC_SF_SP_Page"/>
  <testcase name="fillBasicDetailsPage" time="0.003" classname="Page_Objects_IndiaLends.CC_SF_SP_Page"/>
  <testcase name="fillBasicDetailsPage" time="0.004" classname="Page_Objects_IndiaLends.CC_SF_SP_Page"/>
  <testcase name="fillBasicDetailsPage" time="0.001" classname="Page_Objects_IndiaLends.CC_SF_SP_Page"/>
  <testcase name="fillBasicDetailsPage" time="0.004" classname="Page_Objects_IndiaLends.CC_SF_SP_Page"/>
  <testcase name="fillBasicDetailsPage" time="0.001" classname="Page_Objects_IndiaLends.CC_SF_SP_Page"/>
  <testcase name="fillBasicDetailsPage" time="0.001" classname="Page_Objects_IndiaLends.CC_SF_SP_Page"/>
  <testcase name="fillBasicDetailsPage" time="0.002" classname="Page_Objects_IndiaLends.CC_SF_SP_Page"/>
  <testcase name="fillBasicDetailsPage" time="0.001" classname="Page_Objects_IndiaLends.CC_SF_SP_Page"/>
  <testcase name="fillBasicDetailsPage" time="0.004" classname="Page_Objects_IndiaLends.CC_SF_SP_Page"/>
  <testcase name="fillBasicDetailsPage" time="0.001" classname="Page_Objects_IndiaLends.CC_SF_SP_Page"/>
  <testcase name="fillBasicDetailsPage" time="0.001" classname="Page_Objects_IndiaLends.CC_SF_SP_Page"/>
  <testcase name="fillBasicDetailsPage" time="0.011" classname="Page_Objects_IndiaLends.CC_SF_SP_Page"/>
  <testcase name="fillBasicDetailsPage" time="0.002" classname="Page_Objects_IndiaLends.CC_SF_SP_Page"/>
  <testcase name="fillBasicDetailsPage" time="0.004" classname="Page_Objects_IndiaLends.CC_SF_SP_Page"/>
  <testcase name="fillBasicDetailsPage" time="0.009" classname="Page_Objects_IndiaLends.CC_SF_SP_Page"/>
  <testcase name="fillBasicDetailsPage" time="0.006" classname="Page_Objects_IndiaLends.CC_SF_SP_Page"/>
  <testcase name="fillBasicDetailsPage" time="0.002" classname="Page_Objects_IndiaLends.CC_SF_SP_Page"/>
  <testcase name="fillBasicDetailsPage" time="0.004" classname="Page_Objects_IndiaLends.CC_SF_SP_Page"/>
  <testcase name="fillBasicDetailsPage" time="0.003" classname="Page_Objects_IndiaLends.CC_SF_SP_Page"/>
  <testcase name="fillBasicDetailsPage" time="0.001" classname="Page_Objects_IndiaLends.CC_SF_SP_Page"/>
  <testcase name="fillBasicDetailsPage" time="0.001" classname="Page_Objects_IndiaLends.CC_SF_SP_Page"/>
  <testcase name="fillBasicDetailsPage" time="0.004" classname="Page_Objects_IndiaLends.CC_SF_SP_Page"/>
  <testcase name="fillBasicDetailsPage" time="0.001" classname="Page_Objects_IndiaLends.CC_SF_SP_Page"/>
  <testcase name="fillBasicDetailsPage" time="0.004" classname="Page_Objects_IndiaLends.CC_SF_SP_Page"/>
  <testcase name="fillBasicDetailsPage" time="0.009" classname="Page_Objects_IndiaLends.CC_SF_SP_Page"/>
</testsuite> <!-- Page_Objects_IndiaLends.CC_SF_SP_Page -->
