<?xml version="1.0" encoding="UTF-8"?>
<!-- Generated by org.testng.reporters.JUnitReportReporter -->
<testsuite hostname="Ravindrakumar-PC" name="Test_Scripts_IndiaLends.CC_CRM_SBIlender_Script" tests="1" failures="0" timestamp="2 Oct 2019 11:48:38 GMT" time="110.992" errors="0">
  <testcase name="CC_BasicDetailsPage" time="110.992" classname="Test_Scripts_IndiaLends.CC_CRM_SBIlender_Script"/>
</testsuite> <!-- Test_Scripts_IndiaLends.CC_CRM_SBIlender_Script -->
