<?xml version="1.0" encoding="UTF-8"?>
<!-- Generated by org.testng.reporters.JUnitReportReporter -->
<testsuite hostname="Ravindrakumar-PC" name="SMSgatway.smsgatwayalert" tests="1" failures="0" timestamp="17 Sep 2019 06:38:29 GMT" time="16.105" errors="0">
  <testcase name="verify_SMS_certificate" time="16.105" classname="SMSgatway.smsgatwayalert"/>
</testsuite> <!-- SMSgatway.smsgatwayalert -->
