<?xml version="1.0" encoding="UTF-8"?>
<!-- Generated by org.testng.reporters.JUnitReportReporter -->
<testsuite hostname="Ravindrakumar-PC" name="Test_Scripts_IndiaLends.ICICI_CCGenericScript" tests="1" failures="0" timestamp="26 Feb 2019 12:36:07 GMT" time="106.140" errors="0">
  <testcase name="fillBasicDetailsPage" time="106.140" classname="Test_Scripts_IndiaLends.ICICI_CCGenericScript"/>
</testsuite> <!-- Test_Scripts_IndiaLends.ICICI_CCGenericScript -->
