<?xml version="1.0" encoding="UTF-8"?>
<!-- Generated by org.testng.reporters.JUnitReportReporter -->
<testsuite hostname="Ravindrakumar-PC" name="Test_Scripts_IndiaLends.CITI_CCGenericScript" tests="1" failures="0" timestamp="6 Mar 2019 13:20:19 GMT" time="64.900" errors="0">
  <testcase name="fillBasicDetailsPage" time="64.900" classname="Test_Scripts_IndiaLends.CITI_CCGenericScript"/>
</testsuite> <!-- Test_Scripts_IndiaLends.CITI_CCGenericScript -->
