<?xml version="1.0" encoding="UTF-8"?>
<!-- Generated by org.testng.reporters.JUnitReportReporter -->
<testsuite hostname="Ravindrakumar-PC" name="Test_Scripts_IndiaLends.CC_CRM_CITIGeneric_Script" tests="1" failures="0" timestamp="29 Aug 2019 05:48:19 GMT" time="18.802" errors="0">
  <testcase name="CC_BasicDetailsPage" time="18.802" classname="Test_Scripts_IndiaLends.CC_CRM_CITIGeneric_Script"/>
</testsuite> <!-- Test_Scripts_IndiaLends.CC_CRM_CITIGeneric_Script -->
