<?xml version="1.0" encoding="UTF-8"?>
<!-- Generated by org.testng.reporters.JUnitReportReporter -->
<testsuite hostname="Ravindrakumar-PC" name="Test_Scripts_IndiaLends.CC_CRM_SBIGeneric_Script" tests="1" failures="0" timestamp="25 Nov 2019 10:11:44 GMT" time="116.616" errors="0">
  <testcase name="CC_BasicDetailsPage" time="116.616" classname="Test_Scripts_IndiaLends.CC_CRM_SBIGeneric_Script"/>
</testsuite> <!-- Test_Scripts_IndiaLends.CC_CRM_SBIGeneric_Script -->
