<?xml version="1.0" encoding="UTF-8"?>
<!-- Generated by org.testng.reporters.JUnitReportReporter -->
<testsuite hostname="Ravindrakumar-PC" name="Test_Scripts_IndiaLends.CC_SF_SP" tests="42" failures="0" timestamp="30 May 2019 11:50:15 GMT" time="0.177" errors="0">
  <testcase name="fillBasicDetailsPage" time="0.002" classname="Test_Scripts_IndiaLends.CC_SF_SP"/>
  <testcase name="fillBasicDetailsPage" time="0.004" classname="Test_Scripts_IndiaLends.CC_SF_SP"/>
  <testcase name="fillBasicDetailsPage" time="0.012" classname="Test_Scripts_IndiaLends.CC_SF_SP"/>
  <testcase name="fillBasicDetailsPage" time="0.002" classname="Test_Scripts_IndiaLends.CC_SF_SP"/>
  <testcase name="fillBasicDetailsPage" time="0.003" classname="Test_Scripts_IndiaLends.CC_SF_SP"/>
  <testcase name="fillBasicDetailsPage" time="0.007" classname="Test_Scripts_IndiaLends.CC_SF_SP"/>
  <testcase name="fillBasicDetailsPage" time="0.005" classname="Test_Scripts_IndiaLends.CC_SF_SP"/>
  <testcase name="fillBasicDetailsPage" time="0.003" classname="Test_Scripts_IndiaLends.CC_SF_SP"/>
  <testcase name="fillBasicDetailsPage" time="0.002" classname="Test_Scripts_IndiaLends.CC_SF_SP"/>
  <testcase name="fillBasicDetailsPage" time="0.003" classname="Test_Scripts_IndiaLends.CC_SF_SP"/>
  <testcase name="fillBasicDetailsPage" time="0.002" classname="Test_Scripts_IndiaLends.CC_SF_SP"/>
  <testcase name="fillBasicDetailsPage" time="0.005" classname="Test_Scripts_IndiaLends.CC_SF_SP"/>
  <testcase name="fillBasicDetailsPage" time="0.002" classname="Test_Scripts_IndiaLends.CC_SF_SP"/>
  <testcase name="fillBasicDetailsPage" time="0.001" classname="Test_Scripts_IndiaLends.CC_SF_SP"/>
  <testcase name="fillBasicDetailsPage" time="0.005" classname="Test_Scripts_IndiaLends.CC_SF_SP"/>
  <testcase name="fillBasicDetailsPage" time="0.003" classname="Test_Scripts_IndiaLends.CC_SF_SP"/>
  <testcase name="fillBasicDetailsPage" time="0.002" classname="Test_Scripts_IndiaLends.CC_SF_SP"/>
  <testcase name="fillBasicDetailsPage" time="0.001" classname="Test_Scripts_IndiaLends.CC_SF_SP"/>
  <testcase name="fillBasicDetailsPage" time="0.007" classname="Test_Scripts_IndiaLends.CC_SF_SP"/>
  <testcase name="fillBasicDetailsPage" time="0.001" classname="Test_Scripts_IndiaLends.CC_SF_SP"/>
  <testcase name="fillBasicDetailsPage" time="0.002" classname="Test_Scripts_IndiaLends.CC_SF_SP"/>
  <testcase name="fillBasicDetailsPage" time="0.042" classname="Test_Scripts_IndiaLends.CC_SF_SP"/>
  <testcase name="fillBasicDetailsPage" time="0.003" classname="Test_Scripts_IndiaLends.CC_SF_SP"/>
  <testcase name="fillBasicDetailsPage" time="0.005" classname="Test_Scripts_IndiaLends.CC_SF_SP"/>
  <testcase name="fillBasicDetailsPage" time="0.004" classname="Test_Scripts_IndiaLends.CC_SF_SP"/>
  <testcase name="fillBasicDetailsPage" time="0.001" classname="Test_Scripts_IndiaLends.CC_SF_SP"/>
  <testcase name="fillBasicDetailsPage" time="0.006" classname="Test_Scripts_IndiaLends.CC_SF_SP"/>
  <testcase name="fillBasicDetailsPage" time="0.003" classname="Test_Scripts_IndiaLends.CC_SF_SP"/>
  <testcase name="fillBasicDetailsPage" time="0.005" classname="Test_Scripts_IndiaLends.CC_SF_SP"/>
  <testcase name="fillBasicDetailsPage" time="0.002" classname="Test_Scripts_IndiaLends.CC_SF_SP"/>
  <testcase name="fillBasicDetailsPage" time="0.002" classname="Test_Scripts_IndiaLends.CC_SF_SP"/>
  <testcase name="fillBasicDetailsPage" time="0.005" classname="Test_Scripts_IndiaLends.CC_SF_SP"/>
  <testcase name="fillBasicDetailsPage" time="0.001" classname="Test_Scripts_IndiaLends.CC_SF_SP"/>
  <testcase name="fillBasicDetailsPage" time="0.001" classname="Test_Scripts_IndiaLends.CC_SF_SP"/>
  <testcase name="fillBasicDetailsPage" time="0.003" classname="Test_Scripts_IndiaLends.CC_SF_SP"/>
  <testcase name="fillBasicDetailsPage" time="0.002" classname="Test_Scripts_IndiaLends.CC_SF_SP"/>
  <testcase name="fillBasicDetailsPage" time="0.002" classname="Test_Scripts_IndiaLends.CC_SF_SP"/>
  <testcase name="fillBasicDetailsPage" time="0.002" classname="Test_Scripts_IndiaLends.CC_SF_SP"/>
  <testcase name="fillBasicDetailsPage" time="0.004" classname="Test_Scripts_IndiaLends.CC_SF_SP"/>
  <testcase name="fillBasicDetailsPage" time="0.002" classname="Test_Scripts_IndiaLends.CC_SF_SP"/>
  <testcase name="fillBasicDetailsPage" time="0.002" classname="Test_Scripts_IndiaLends.CC_SF_SP"/>
  <testcase name="fillBasicDetailsPage" time="0.006" classname="Test_Scripts_IndiaLends.CC_SF_SP"/>
</testsuite> <!-- Test_Scripts_IndiaLends.CC_SF_SP -->
