<?xml version="1.0" encoding="UTF-8"?>
<!-- Generated by org.testng.reporters.JUnitReportReporter -->
<testsuite hostname="Ravindrakumar-PC" name="Test_Scripts_IndiaLends.HDFC_CCGenericScript" tests="1" failures="0" timestamp="21 Feb 2019 10:24:14 GMT" time="66.668" errors="0">
  <testcase name="fillBasicDetailsPage" time="66.668" classname="Test_Scripts_IndiaLends.HDFC_CCGenericScript"/>
</testsuite> <!-- Test_Scripts_IndiaLends.HDFC_CCGenericScript -->
