<?xml version="1.0" encoding="UTF-8"?>
<!-- Generated by org.testng.reporters.JUnitReportReporter -->
<testsuite hostname="Ravindrakumar-PC" name="Test_Scripts_IndiaLends.CC_CRM_AMEXlender_Script" tests="1" failures="0" timestamp="4 Sep 2019 06:16:52 GMT" time="92.317" errors="0">
  <testcase name="CC_BasicDetailsPage" time="92.317" classname="Test_Scripts_IndiaLends.CC_CRM_AMEXlender_Script"/>
</testsuite> <!-- Test_Scripts_IndiaLends.CC_CRM_AMEXlender_Script -->
