<?xml version="1.0" encoding="UTF-8"?>
<!-- Generated by org.testng.reporters.JUnitReportReporter -->
<testsuite hostname="Ravindrakumar-PC" name="PL_Regression_Validation" tests="2" failures="0" timestamp="15 May 2019 09:18:41 GMT" time="48.301" errors="0">
  <testcase name="verify_OTP" time="13.388" classname="PL_Regression_Validation"/>
  <testcase name="verify_PL_Form" time="34.913" classname="PL_Regression_Validation"/>
</testsuite> <!-- PL_Regression_Validation -->
