<?xml version="1.0" encoding="UTF-8"?>
<!-- Generated by org.testng.reporters.JUnitReportReporter -->
<testsuite hostname="Ravindrakumar-PC" name="Test_Scrip_Cross_sell.CC_ICICI_Crosssell_Script" tests="5" failures="0" timestamp="31 Oct 2019 08:30:13 GMT" time="113.503" errors="0">
  <testcase name="CC_Eligibility_check" time="27.032" classname="Test_Scrip_Cross_sell.CC_ICICI_Crosssell_Script"/>
  <testcase name="CC_contact_Details" time="19.384" classname="Test_Scrip_Cross_sell.CC_ICICI_Crosssell_Script"/>
  <testcase name="CC_general_information" time="9.225" classname="Test_Scrip_Cross_sell.CC_ICICI_Crosssell_Script"/>
  <testcase name="CC_BasicDetailsPage" time="34.222" classname="Test_Scrip_Cross_sell.CC_ICICI_Crosssell_Script"/>
  <testcase name="CC_contact_Aditionaletails" time="23.640" classname="Test_Scrip_Cross_sell.CC_ICICI_Crosssell_Script"/>
</testsuite> <!-- Test_Scrip_Cross_sell.CC_ICICI_Crosssell_Script -->
