<?xml version="1.0" encoding="UTF-8"?>
<!-- Generated by org.testng.reporters.JUnitReportReporter -->
<testsuite hostname="Ravindrakumar-PC" name="Test_Scripts_IndiaLends.CC_CRM_ICICIlender_Script" tests="1" failures="0" timestamp="2 Oct 2019 11:40:10 GMT" time="97.589" errors="0">
  <testcase name="CC_BasicDetailsPage" time="97.589" classname="Test_Scripts_IndiaLends.CC_CRM_ICICIlender_Script"/>
</testsuite> <!-- Test_Scripts_IndiaLends.CC_CRM_ICICIlender_Script -->
