<?xml version="1.0" encoding="UTF-8"?>
<!-- Generated by org.testng.reporters.JUnitReportReporter -->
<testsuite hostname="Ravindrakumar-PC" name="Test_Scripts_IndiaLends.SBI_CCGeneric_script" tests="1" failures="0" timestamp="29 Jan 2019 14:18:17 GMT" time="52.260" errors="0">
  <testcase name="fillBasicDetailsPage" time="52.260" classname="Test_Scripts_IndiaLends.SBI_CCGeneric_script"/>
</testsuite> <!-- Test_Scripts_IndiaLends.SBI_CCGeneric_script -->
