<?xml version="1.0" encoding="UTF-8"?>
<!-- Generated by org.testng.reporters.JUnitReportReporter -->
<testsuite hostname="Ravindrakumar-PC" name="Test_Scripts_IndiaLends.Amex_CCGenericScript" tests="1" failures="0" timestamp="6 Mar 2019 13:44:23 GMT" time="53.667" errors="0">
  <testcase name="fillBasicDetailsPage" time="53.667" classname="Test_Scripts_IndiaLends.Amex_CCGenericScript"/>
</testsuite> <!-- Test_Scripts_IndiaLends.Amex_CCGenericScript -->
