<?xml version="1.0" encoding="UTF-8"?>
<!-- Generated by org.testng.reporters.JUnitReportReporter -->
<testsuite hostname="Ravindrakumar-PC" name="Test_Scripts_IndiaLends.PLFlow_script" tests="4" failures="0" timestamp="16 May 2019 07:48:33 GMT" time="101.597" errors="0">
  <testcase name="verifyGeneralDetails" time="0.295" classname="Test_Scripts_IndiaLends.PLFlow_script"/>
  <testcase name="verifyBasicDetails" time="94.782" classname="Test_Scripts_IndiaLends.PLFlow_script"/>
  <testcase name="verifyOfficeDetails" time="0.012" classname="Test_Scripts_IndiaLends.PLFlow_script"/>
  <testcase name="verifyAdditionalDetails" time="6.508" classname="Test_Scripts_IndiaLends.PLFlow_script"/>
</testsuite> <!-- Test_Scripts_IndiaLends.PLFlow_script -->
