<?xml version="1.0" encoding="UTF-8"?>
<!-- Generated by org.testng.reporters.JUnitReportReporter -->
<testsuite hostname="Ravindrakumar-PC" name="Test_Scripts_IndiaLends.CC_CRM_HDFClender_Script" tests="1" failures="0" timestamp="2 Oct 2019 11:45:10 GMT" time="92.044" errors="0">
  <testcase name="CC_BasicDetailsPage" time="92.044" classname="Test_Scripts_IndiaLends.CC_CRM_HDFClender_Script"/>
</testsuite> <!-- Test_Scripts_IndiaLends.CC_CRM_HDFClender_Script -->
