<?xml version="1.0" encoding="UTF-8"?>
<!-- Generated by org.testng.reporters.JUnitReportReporter -->
<testsuite hostname="Ravindrakumar-PC" name="HDFCCreditCard" tests="5" failures="0" timestamp="22 Jan 2019 05:33:29 GMT" time="106.970" errors="0">
  <testcase name="contact_Details" time="18.995" classname="HDFCCreditCard"/>
  <testcase name="verify_PL_Form" time="14.893" classname="HDFCCreditCard"/>
  <testcase name="verify_OTP" time="11.383" classname="HDFCCreditCard"/>
  <testcase name="general_Information" time="19.943" classname="HDFCCreditCard"/>
  <testcase name="check_Eligibility" time="41.756" classname="HDFCCreditCard"/>
</testsuite> <!-- HDFCCreditCard -->
