<?xml version="1.0" encoding="UTF-8"?>
<!-- Generated by org.testng.reporters.JUnitReportReporter -->
<testsuite hostname="Ravindrakumar-PC" name="Ameyo.Ameyoleadupload" tests="1" failures="0" timestamp="17 Oct 2019 05:14:02 GMT" time="1.839" errors="0">
  <testcase name="verify_Lealupload_result" time="1.839" classname="Ameyo.Ameyoleadupload"/>
</testsuite> <!-- Ameyo.Ameyoleadupload -->
