<?xml version="1.0" encoding="UTF-8"?>
<!-- Generated by org.testng.reporters.JUnitReportReporter -->
<testsuite hostname="Ravindrakumar-PC" name="Test_Scripts_IndiaLends.CC_YESLender_script" tests="4" failures="0" timestamp="13 Aug 2019 10:14:28 GMT" time="67.130" errors="0">
  <testcase name="CC_Eligibility_check" time="8.735" classname="Test_Scripts_IndiaLends.CC_YESLender_script"/>
  <testcase name="CCBasicDetailsPage" time="22.327" classname="Test_Scripts_IndiaLends.CC_YESLender_script"/>
  <testcase name="CC_contact_Details" time="31.872" classname="Test_Scripts_IndiaLends.CC_YESLender_script"/>
  <testcase name="CC_general_information" time="4.196" classname="Test_Scripts_IndiaLends.CC_YESLender_script"/>
</testsuite> <!-- Test_Scripts_IndiaLends.CC_YESLender_script -->
