<?xml version="1.0" encoding="UTF-8"?>
<!-- Generated by org.testng.reporters.JUnitReportReporter -->
<testsuite hostname="Ravindrakumar-PC" name="PLFLow" tests="2" failures="0" timestamp="16 May 2019 06:48:05 GMT" time="41.968" errors="0">
  <testcase name="verify_OTP" time="13.256" classname="PLFLow"/>
  <testcase name="verify_PL_Form" time="28.712" classname="PLFLow"/>
</testsuite> <!-- PLFLow -->
