<?xml version="1.0" encoding="UTF-8"?>
<!-- Generated by org.testng.reporters.JUnitReportReporter -->
<testsuite hostname="Ravindrakumar-PC" name="Test_Scrip_Cross_sell.CC_YES_Crosssell_Script" tests="5" failures="0" timestamp="31 Oct 2019 09:48:43 GMT" time="107.524" errors="0">
  <testcase name="CC_contact_Details" time="10.241" classname="Test_Scrip_Cross_sell.CC_YES_Crosssell_Script"/>
  <testcase name="CC_Eligibility_check" time="31.918" classname="Test_Scrip_Cross_sell.CC_YES_Crosssell_Script"/>
  <testcase name="CC_general_information" time="8.993" classname="Test_Scrip_Cross_sell.CC_YES_Crosssell_Script"/>
  <testcase name="CC_BasicDetailsPage" time="35.518" classname="Test_Scrip_Cross_sell.CC_YES_Crosssell_Script"/>
  <testcase name="CC_contact_Aditionaletails" time="20.854" classname="Test_Scrip_Cross_sell.CC_YES_Crosssell_Script"/>
</testsuite> <!-- Test_Scrip_Cross_sell.CC_YES_Crosssell_Script -->
