<?xml version="1.0" encoding="UTF-8"?>
<!-- Generated by org.testng.reporters.JUnitReportReporter -->
<testsuite hostname="Ravindrakumar-PC" name="SSLAlert.SSL_Alert" tests="1" failures="0" timestamp="10 Dec 2019 07:27:47 GMT" time="0.290" errors="0">
  <testcase name="verify_SSL_certificate" time="0.290" classname="SSLAlert.SSL_Alert"/>
</testsuite> <!-- SSLAlert.SSL_Alert -->
