<?xml version="1.0" encoding="UTF-8"?>
<!-- Generated by org.testng.reporters.JUnitReportReporter -->
<testsuite hostname="Ravindrakumar-PC" name="DBValidation.SBILenderDB$Verify_CCSBI_DB_Values" tests="1" failures="0" timestamp="10 Sep 2019 05:26:48 GMT" time="2.470" errors="0">
  <testcase name="DbValue" time="2.470" classname="DBValidation.SBILenderDB$Verify_CCSBI_DB_Values"/>
</testsuite> <!-- DBValidation.SBILenderDB$Verify_CCSBI_DB_Values -->
