<?xml version="1.0" encoding="UTF-8"?>
<!-- Generated by org.testng.reporters.JUnitReportReporter -->
<testsuite hostname="Ravindrakumar-PC" name="Page_Objects_IndiaLends.CC_SF_SP_Page$ExcelRead" tests="42" failures="0" timestamp="30 May 2019 13:58:35 GMT" time="0.138" errors="0">
  <testcase name="fillDetails" time="0.002" classname="Page_Objects_IndiaLends.CC_SF_SP_Page$ExcelRead"/>
  <testcase name="fillDetails" time="0.001" classname="Page_Objects_IndiaLends.CC_SF_SP_Page$ExcelRead"/>
  <testcase name="fillDetails" time="0.003" classname="Page_Objects_IndiaLends.CC_SF_SP_Page$ExcelRead"/>
  <testcase name="fillDetails" time="0.004" classname="Page_Objects_IndiaLends.CC_SF_SP_Page$ExcelRead"/>
  <testcase name="fillDetails" time="0.005" classname="Page_Objects_IndiaLends.CC_SF_SP_Page$ExcelRead"/>
  <testcase name="fillDetails" time="0.002" classname="Page_Objects_IndiaLends.CC_SF_SP_Page$ExcelRead"/>
  <testcase name="fillDetails" time="0.002" classname="Page_Objects_IndiaLends.CC_SF_SP_Page$ExcelRead"/>
  <testcase name="fillDetails" time="0.002" classname="Page_Objects_IndiaLends.CC_SF_SP_Page$ExcelRead"/>
  <testcase name="fillDetails" time="0.001" classname="Page_Objects_IndiaLends.CC_SF_SP_Page$ExcelRead"/>
  <testcase name="fillDetails" time="0.003" classname="Page_Objects_IndiaLends.CC_SF_SP_Page$ExcelRead"/>
  <testcase name="fillDetails" time="0.003" classname="Page_Objects_IndiaLends.CC_SF_SP_Page$ExcelRead"/>
  <testcase name="fillDetails" time="0.002" classname="Page_Objects_IndiaLends.CC_SF_SP_Page$ExcelRead"/>
  <testcase name="fillDetails" time="0.001" classname="Page_Objects_IndiaLends.CC_SF_SP_Page$ExcelRead"/>
  <testcase name="fillDetails" time="0.002" classname="Page_Objects_IndiaLends.CC_SF_SP_Page$ExcelRead"/>
  <testcase name="fillDetails" time="0.005" classname="Page_Objects_IndiaLends.CC_SF_SP_Page$ExcelRead"/>
  <testcase name="fillDetails" time="0.004" classname="Page_Objects_IndiaLends.CC_SF_SP_Page$ExcelRead"/>
  <testcase name="fillDetails" time="0.003" classname="Page_Objects_IndiaLends.CC_SF_SP_Page$ExcelRead"/>
  <testcase name="fillDetails" time="0.003" classname="Page_Objects_IndiaLends.CC_SF_SP_Page$ExcelRead"/>
  <testcase name="fillDetails" time="0.001" classname="Page_Objects_IndiaLends.CC_SF_SP_Page$ExcelRead"/>
  <testcase name="fillDetails" time="0.002" classname="Page_Objects_IndiaLends.CC_SF_SP_Page$ExcelRead"/>
  <testcase name="fillDetails" time="0.001" classname="Page_Objects_IndiaLends.CC_SF_SP_Page$ExcelRead"/>
  <testcase name="fillDetails" time="0.001" classname="Page_Objects_IndiaLends.CC_SF_SP_Page$ExcelRead"/>
  <testcase name="fillDetails" time="0.001" classname="Page_Objects_IndiaLends.CC_SF_SP_Page$ExcelRead"/>
  <testcase name="fillDetails" time="0.007" classname="Page_Objects_IndiaLends.CC_SF_SP_Page$ExcelRead"/>
  <testcase name="fillDetails" time="0.003" classname="Page_Objects_IndiaLends.CC_SF_SP_Page$ExcelRead"/>
  <testcase name="fillDetails" time="0.003" classname="Page_Objects_IndiaLends.CC_SF_SP_Page$ExcelRead"/>
  <testcase name="fillDetails" time="0.003" classname="Page_Objects_IndiaLends.CC_SF_SP_Page$ExcelRead"/>
  <testcase name="fillDetails" time="0.010" classname="Page_Objects_IndiaLends.CC_SF_SP_Page$ExcelRead"/>
  <testcase name="fillDetails" time="0.002" classname="Page_Objects_IndiaLends.CC_SF_SP_Page$ExcelRead"/>
  <testcase name="fillDetails" time="0.016" classname="Page_Objects_IndiaLends.CC_SF_SP_Page$ExcelRead"/>
  <testcase name="fillDetails" time="0.004" classname="Page_Objects_IndiaLends.CC_SF_SP_Page$ExcelRead"/>
  <testcase name="fillDetails" time="0.001" classname="Page_Objects_IndiaLends.CC_SF_SP_Page$ExcelRead"/>
  <testcase name="fillDetails" time="0.014" classname="Page_Objects_IndiaLends.CC_SF_SP_Page$ExcelRead"/>
  <testcase name="fillDetails" time="0.003" classname="Page_Objects_IndiaLends.CC_SF_SP_Page$ExcelRead"/>
  <testcase name="fillDetails" time="0.002" classname="Page_Objects_IndiaLends.CC_SF_SP_Page$ExcelRead"/>
  <testcase name="fillDetails" time="0.001" classname="Page_Objects_IndiaLends.CC_SF_SP_Page$ExcelRead"/>
  <testcase name="fillDetails" time="0.002" classname="Page_Objects_IndiaLends.CC_SF_SP_Page$ExcelRead"/>
  <testcase name="fillDetails" time="0.004" classname="Page_Objects_IndiaLends.CC_SF_SP_Page$ExcelRead"/>
  <testcase name="fillDetails" time="0.002" classname="Page_Objects_IndiaLends.CC_SF_SP_Page$ExcelRead"/>
  <testcase name="fillDetails" time="0.002" classname="Page_Objects_IndiaLends.CC_SF_SP_Page$ExcelRead"/>
  <testcase name="fillDetails" time="0.002" classname="Page_Objects_IndiaLends.CC_SF_SP_Page$ExcelRead"/>
  <testcase name="fillDetails" time="0.003" classname="Page_Objects_IndiaLends.CC_SF_SP_Page$ExcelRead"/>
</testsuite> <!-- Page_Objects_IndiaLends.CC_SF_SP_Page$ExcelRead -->
