<?xml version="1.0" encoding="UTF-8"?>
<!-- Generated by org.testng.reporters.JUnitReportReporter -->
<testsuite hostname="Ravindrakumar-PC" name="Page_Objects_IndiaLends.CC_SF_SP" tests="33" failures="0" timestamp="29 May 2019 11:05:48 GMT" time="0.120" errors="0">
  <testcase name="fillBasicDetailsPage" time="0.005" classname="Page_Objects_IndiaLends.CC_SF_SP"/>
  <testcase name="fillBasicDetailsPage" time="0.003" classname="Page_Objects_IndiaLends.CC_SF_SP"/>
  <testcase name="fillBasicDetailsPage" time="0.002" classname="Page_Objects_IndiaLends.CC_SF_SP"/>
  <testcase name="fillBasicDetailsPage" time="0.001" classname="Page_Objects_IndiaLends.CC_SF_SP"/>
  <testcase name="fillBasicDetailsPage" time="0.002" classname="Page_Objects_IndiaLends.CC_SF_SP"/>
  <testcase name="fillBasicDetailsPage" time="0.001" classname="Page_Objects_IndiaLends.CC_SF_SP"/>
  <testcase name="fillBasicDetailsPage" time="0.002" classname="Page_Objects_IndiaLends.CC_SF_SP"/>
  <testcase name="fillBasicDetailsPage" time="0.006" classname="Page_Objects_IndiaLends.CC_SF_SP"/>
  <testcase name="fillBasicDetailsPage" time="0.002" classname="Page_Objects_IndiaLends.CC_SF_SP"/>
  <testcase name="fillBasicDetailsPage" time="0.003" classname="Page_Objects_IndiaLends.CC_SF_SP"/>
  <testcase name="fillBasicDetailsPage" time="0.003" classname="Page_Objects_IndiaLends.CC_SF_SP"/>
  <testcase name="fillBasicDetailsPage" time="0.002" classname="Page_Objects_IndiaLends.CC_SF_SP"/>
  <testcase name="fillBasicDetailsPage" time="0.002" classname="Page_Objects_IndiaLends.CC_SF_SP"/>
  <testcase name="fillBasicDetailsPage" time="0.001" classname="Page_Objects_IndiaLends.CC_SF_SP"/>
  <testcase name="fillBasicDetailsPage" time="0.001" classname="Page_Objects_IndiaLends.CC_SF_SP"/>
  <testcase name="fillBasicDetailsPage" time="0.003" classname="Page_Objects_IndiaLends.CC_SF_SP"/>
  <testcase name="fillBasicDetailsPage" time="0.010" classname="Page_Objects_IndiaLends.CC_SF_SP"/>
  <testcase name="fillBasicDetailsPage" time="0.003" classname="Page_Objects_IndiaLends.CC_SF_SP"/>
  <testcase name="fillBasicDetailsPage" time="0.001" classname="Page_Objects_IndiaLends.CC_SF_SP"/>
  <testcase name="fillBasicDetailsPage" time="0.001" classname="Page_Objects_IndiaLends.CC_SF_SP"/>
  <testcase name="fillBasicDetailsPage" time="0.004" classname="Page_Objects_IndiaLends.CC_SF_SP"/>
  <testcase name="fillBasicDetailsPage" time="0.004" classname="Page_Objects_IndiaLends.CC_SF_SP"/>
  <testcase name="fillBasicDetailsPage" time="0.002" classname="Page_Objects_IndiaLends.CC_SF_SP"/>
  <testcase name="fillBasicDetailsPage" time="0.001" classname="Page_Objects_IndiaLends.CC_SF_SP"/>
  <testcase name="fillBasicDetailsPage" time="0.003" classname="Page_Objects_IndiaLends.CC_SF_SP"/>
  <testcase name="fillBasicDetailsPage" time="0.010" classname="Page_Objects_IndiaLends.CC_SF_SP"/>
  <testcase name="fillBasicDetailsPage" time="0.002" classname="Page_Objects_IndiaLends.CC_SF_SP"/>
  <testcase name="fillBasicDetailsPage" time="0.001" classname="Page_Objects_IndiaLends.CC_SF_SP"/>
  <testcase name="fillBasicDetailsPage" time="0.005" classname="Page_Objects_IndiaLends.CC_SF_SP"/>
  <testcase name="fillBasicDetailsPage" time="0.002" classname="Page_Objects_IndiaLends.CC_SF_SP"/>
  <testcase name="fillBasicDetailsPage" time="0.001" classname="Page_Objects_IndiaLends.CC_SF_SP"/>
  <testcase name="fillBasicDetailsPage" time="0.019" classname="Page_Objects_IndiaLends.CC_SF_SP"/>
  <testcase name="fillBasicDetailsPage" time="0.012" classname="Page_Objects_IndiaLends.CC_SF_SP"/>
</testsuite> <!-- Page_Objects_IndiaLends.CC_SF_SP -->
